0 info it worked if it ends with ok
1 verbose cli [ 'C:\\Program Files\\nodejs\\node.exe',
1 verbose cli   'C:\\Users\\jp-1\\AppData\\Roaming\\npm\\node_modules\\npm\\bin\\npm-cli.js',
1 verbose cli   'install',
1 verbose cli   'vue',
1 verbose cli   '--save' ]
2 info using npm@3.10.9
3 info using node@v4.4.5
4 silly loadCurrentTree Starting
5 silly install loadCurrentTree
6 silly install readLocalPackageData
7 silly fetchPackageMetaData vue
8 silly fetchNamedPackageData vue
9 silly mapToRegistry name vue
10 silly mapToRegistry using default registry
11 silly mapToRegistry registry https://registry.npm.taobao.org/
12 silly mapToRegistry data Result {
12 silly mapToRegistry   raw: 'vue',
12 silly mapToRegistry   scope: null,
12 silly mapToRegistry   escapedName: 'vue',
12 silly mapToRegistry   name: 'vue',
12 silly mapToRegistry   rawSpec: '',
12 silly mapToRegistry   spec: 'latest',
12 silly mapToRegistry   type: 'tag' }
13 silly mapToRegistry uri https://registry.npm.taobao.org/vue
14 verbose request uri https://registry.npm.taobao.org/vue
15 verbose request no auth needed
16 info attempt registry request try #1 at 18:33:11
17 verbose request id ffc1aee46374fb5f
18 http request GET https://registry.npm.taobao.org/vue
19 http 200 https://registry.npm.taobao.org/vue
20 verbose headers { date: 'Thu, 12 Jan 2017 10:33:35 GMT',
20 verbose headers   'content-type': 'application/json; charset=utf-8',
20 verbose headers   'content-length': '469070',
20 verbose headers   connection: 'keep-alive',
20 verbose headers   'x-current-requests': '1',
20 verbose headers   etag: '"7284e-OmGFUbcQyXDrUEJUXtrpcA"',
20 verbose headers   'x-readtime': '108' }
21 silly get cb [ 200,
21 silly get   { date: 'Thu, 12 Jan 2017 10:33:35 GMT',
21 silly get     'content-type': 'application/json; charset=utf-8',
21 silly get     'content-length': '469070',
21 silly get     connection: 'keep-alive',
21 silly get     'x-current-requests': '1',
21 silly get     etag: '"7284e-OmGFUbcQyXDrUEJUXtrpcA"',
21 silly get     'x-readtime': '108' } ]
22 verbose get saving vue to C:\Users\jp-1\AppData\Roaming\npm-cache\registry.npm.taobao.org\vue\.cache.json
23 verbose correctMkdir C:\Users\jp-1\AppData\Roaming\npm-cache correctMkdir not in flight; initializing
24 silly install normalizeTree
25 silly loadCurrentTree Finishing
26 silly loadIdealTree Starting
27 silly install loadIdealTree
28 silly cloneCurrentTree Starting
29 silly install cloneCurrentTreeToIdealTree
30 silly cloneCurrentTree Finishing
31 silly loadShrinkwrap Starting
32 silly install loadShrinkwrap
33 silly loadShrinkwrap Finishing
34 silly loadAllDepsIntoIdealTree Starting
35 silly install loadAllDepsIntoIdealTree
36 silly rollbackFailedOptional Starting
37 silly rollbackFailedOptional Finishing
38 silly runTopLevelLifecycles Finishing
39 silly install printInstalled
40 verbose stack Error: Refusing to install vue as a dependency of itself
40 verbose stack     at checkSelf (C:\Users\jp-1\AppData\Roaming\npm\node_modules\npm\lib\install\validate-args.js:53:14)
40 verbose stack     at Array.<anonymous> (C:\Users\jp-1\AppData\Roaming\npm\node_modules\npm\node_modules\slide\lib\bind-actor.js:15:8)
40 verbose stack     at LOOP (C:\Users\jp-1\AppData\Roaming\npm\node_modules\npm\node_modules\slide\lib\chain.js:15:14)
40 verbose stack     at chain (C:\Users\jp-1\AppData\Roaming\npm\node_modules\npm\node_modules\slide\lib\chain.js:20:5)
40 verbose stack     at C:\Users\jp-1\AppData\Roaming\npm\node_modules\npm\lib\install\validate-args.js:16:5
40 verbose stack     at C:\Users\jp-1\AppData\Roaming\npm\node_modules\npm\node_modules\slide\lib\async-map.js:52:35
40 verbose stack     at Array.forEach (native)
40 verbose stack     at C:\Users\jp-1\AppData\Roaming\npm\node_modules\npm\node_modules\slide\lib\async-map.js:52:11
40 verbose stack     at Array.forEach (native)
40 verbose stack     at asyncMap (C:\Users\jp-1\AppData\Roaming\npm\node_modules\npm\node_modules\slide\lib\async-map.js:51:8)
41 verbose cwd D:\explore\509-vuejs\vue\public
42 error Windows_NT 6.1.7601
43 error argv "C:\\Program Files\\nodejs\\node.exe" "C:\\Users\\jp-1\\AppData\\Roaming\\npm\\node_modules\\npm\\bin\\npm-cli.js" "install" "vue" "--save"
44 error node v4.4.5
45 error npm  v3.10.9
46 error code ENOSELF
47 error Refusing to install vue as a dependency of itself
48 error If you need help, you may report this error at:
48 error     <https://github.com/npm/npm/issues>
49 verbose exit [ 1, true ]
